<?xml version="1.0" encoding="UTF-8"?>
<!-- Generated by org.testng.reporters.JUnitXMLReporter -->
<testsuite ignored="1" hostname="DESKTOP-A2H5HF5" failures="0" tests="3" name="Login again" time="0.039" errors="0" timestamp="2025-06-26T17:50:14 IST">
  <testcase classname="com.banarasisaree.UI.Login2" name="printLogin" time="0.003"/>
  <testcase classname="com.banarasisaree.UI.Login2" name="printName" time="0.005"/>
  <testcase classname="com.banarasisaree.UI.Login2" name="printSurname" time="0.005"/>
  <testcase classname="com.banarasisaree.UI.Login2" name="printAge" time="0.0">
    <ignored/>
  </testcase> <!-- printAge -->
</testsuite> <!-- Login again -->
